Determining if the pthread_create exist failed with the following output:
Change Dir: /home/fayoumi/aam_carto_ws/build/ceres-solver/CMakeFiles/CMakeTmp

Run Build Command:"/usr/bin/make" "cmTC_692ce/fast"
/usr/bin/make -f CMakeFiles/cmTC_692ce.dir/build.make CMakeFiles/cmTC_692ce.dir/build
make[1]: Entering directory '/home/fayoumi/aam_carto_ws/build/ceres-solver/CMakeFiles/CMakeTmp'
Building C object CMakeFiles/cmTC_692ce.dir/CheckSymbolExists.c.o
/usr/bin/cc     -o CMakeFiles/cmTC_692ce.dir/CheckSymbolExists.c.o   -c /home/fayoumi/aam_carto_ws/build/ceres-solver/CMakeFiles/CMakeTmp/CheckSymbolExists.c
Linking C executable cmTC_692ce
/usr/bin/cmake -E cmake_link_script CMakeFiles/cmTC_692ce.dir/link.txt --verbose=1
/usr/bin/cc       CMakeFiles/cmTC_692ce.dir/CheckSymbolExists.c.o  -o cmTC_692ce -rdynamic 
CMakeFiles/cmTC_692ce.dir/CheckSymbolExists.c.o: In function `main':
CheckSymbolExists.c:(.text+0x16): undefined reference to `pthread_create'
collect2: error: ld returned 1 exit status
CMakeFiles/cmTC_692ce.dir/build.make:97: recipe for target 'cmTC_692ce' failed
make[1]: *** [cmTC_692ce] Error 1
make[1]: Leaving directory '/home/fayoumi/aam_carto_ws/build/ceres-solver/CMakeFiles/CMakeTmp'
Makefile:126: recipe for target 'cmTC_692ce/fast' failed
make: *** [cmTC_692ce/fast] Error 2

File /home/fayoumi/aam_carto_ws/build/ceres-solver/CMakeFiles/CMakeTmp/CheckSymbolExists.c:
/* */
#include <pthread.h>

int main(int argc, char** argv)
{
  (void)argv;
#ifndef pthread_create
  return ((int*)(&pthread_create))[argc];
#else
  (void)argc;
  return 0;
#endif
}

Determining if the function pthread_create exists in the pthreads failed with the following output:
Change Dir: /home/fayoumi/aam_carto_ws/build/ceres-solver/CMakeFiles/CMakeTmp

Run Build Command:"/usr/bin/make" "cmTC_19139/fast"
/usr/bin/make -f CMakeFiles/cmTC_19139.dir/build.make CMakeFiles/cmTC_19139.dir/build
make[1]: Entering directory '/home/fayoumi/aam_carto_ws/build/ceres-solver/CMakeFiles/CMakeTmp'
Building C object CMakeFiles/cmTC_19139.dir/CheckFunctionExists.c.o
/usr/bin/cc    -DCHECK_FUNCTION_EXISTS=pthread_create   -o CMakeFiles/cmTC_19139.dir/CheckFunctionExists.c.o   -c /usr/share/cmake-3.5/Modules/CheckFunctionExists.c
Linking C executable cmTC_19139
/usr/bin/cmake -E cmake_link_script CMakeFiles/cmTC_19139.dir/link.txt --verbose=1
/usr/bin/cc   -DCHECK_FUNCTION_EXISTS=pthread_create    CMakeFiles/cmTC_19139.dir/CheckFunctionExists.c.o  -o cmTC_19139 -rdynamic -lpthreads 
/usr/bin/ld: cannot find -lpthreads
collect2: error: ld returned 1 exit status
CMakeFiles/cmTC_19139.dir/build.make:97: recipe for target 'cmTC_19139' failed
make[1]: *** [cmTC_19139] Error 1
make[1]: Leaving directory '/home/fayoumi/aam_carto_ws/build/ceres-solver/CMakeFiles/CMakeTmp'
Makefile:126: recipe for target 'cmTC_19139/fast' failed
make: *** [cmTC_19139/fast] Error 2


Determining if the include file unordered_map exists failed with the following output:
Change Dir: /home/fayoumi/aam_carto_ws/build/ceres-solver/CMakeFiles/CMakeTmp

Run Build Command:"/usr/bin/make" "cmTC_ff848/fast"
/usr/bin/make -f CMakeFiles/cmTC_ff848.dir/build.make CMakeFiles/cmTC_ff848.dir/build
make[1]: Entering directory '/home/fayoumi/aam_carto_ws/build/ceres-solver/CMakeFiles/CMakeTmp'
Building CXX object CMakeFiles/cmTC_ff848.dir/CheckIncludeFile.cxx.o
/usr/bin/c++     -fopenmp  -fopenmp   -o CMakeFiles/cmTC_ff848.dir/CheckIncludeFile.cxx.o -c /home/fayoumi/aam_carto_ws/build/ceres-solver/CMakeFiles/CMakeTmp/CheckIncludeFile.cxx
In file included from /usr/include/c++/5/unordered_map:35:0,
                 from /home/fayoumi/aam_carto_ws/build/ceres-solver/CMakeFiles/CMakeTmp/CheckIncludeFile.cxx:1:
/usr/include/c++/5/bits/c++0x_warning.h:32:2: error: #error This file requires compiler and library support for the ISO C++ 2011 standard. This support must be enabled with the -std=c++11 or -std=gnu++11 compiler options.
 #error This file requires compiler and library support \
  ^
CMakeFiles/cmTC_ff848.dir/build.make:65: recipe for target 'CMakeFiles/cmTC_ff848.dir/CheckIncludeFile.cxx.o' failed
make[1]: *** [CMakeFiles/cmTC_ff848.dir/CheckIncludeFile.cxx.o] Error 1
make[1]: Leaving directory '/home/fayoumi/aam_carto_ws/build/ceres-solver/CMakeFiles/CMakeTmp'
Makefile:126: recipe for target 'cmTC_ff848/fast' failed
make: *** [cmTC_ff848/fast] Error 2


Performing C++ SOURCE FILE Test HAVE_SHARED_PTR_IN_STD_NAMESPACE failed with the following output:
Change Dir: /home/fayoumi/aam_carto_ws/build/ceres-solver/CMakeFiles/CMakeTmp

Run Build Command:"/usr/bin/make" "cmTC_727ca/fast"
/usr/bin/make -f CMakeFiles/cmTC_727ca.dir/build.make CMakeFiles/cmTC_727ca.dir/build
make[1]: Entering directory '/home/fayoumi/aam_carto_ws/build/ceres-solver/CMakeFiles/CMakeTmp'
Building CXX object CMakeFiles/cmTC_727ca.dir/src.cxx.o
/usr/bin/c++     -fopenmp -DHAVE_SHARED_PTR_IN_STD_NAMESPACE  -fopenmp   -o CMakeFiles/cmTC_727ca.dir/src.cxx.o -c /home/fayoumi/aam_carto_ws/build/ceres-solver/CMakeFiles/CMakeTmp/src.cxx
/home/fayoumi/aam_carto_ws/build/ceres-solver/CMakeFiles/CMakeTmp/src.cxx: In function ‘int main()’:
/home/fayoumi/aam_carto_ws/build/ceres-solver/CMakeFiles/CMakeTmp/src.cxx:3:34: error: ‘shared_ptr’ is not a member of ‘std’
                                  std::shared_ptr<int> int_ptr;
                                  ^
/home/fayoumi/aam_carto_ws/build/ceres-solver/CMakeFiles/CMakeTmp/src.cxx:3:50: error: expected primary-expression before ‘int’
                                  std::shared_ptr<int> int_ptr;
                                                  ^
CMakeFiles/cmTC_727ca.dir/build.make:65: recipe for target 'CMakeFiles/cmTC_727ca.dir/src.cxx.o' failed
make[1]: *** [CMakeFiles/cmTC_727ca.dir/src.cxx.o] Error 1
make[1]: Leaving directory '/home/fayoumi/aam_carto_ws/build/ceres-solver/CMakeFiles/CMakeTmp'
Makefile:126: recipe for target 'cmTC_727ca/fast' failed
make: *** [cmTC_727ca/fast] Error 2

Source file was:
#include <memory>
                               int main() {
                                 std::shared_ptr<int> int_ptr;
                                 return 0;
                               }
Performing C++ SOURCE FILE Test HAVE_SHARED_PTR_IN_TR1_NAMESPACE failed with the following output:
Change Dir: /home/fayoumi/aam_carto_ws/build/ceres-solver/CMakeFiles/CMakeTmp

Run Build Command:"/usr/bin/make" "cmTC_7808e/fast"
/usr/bin/make -f CMakeFiles/cmTC_7808e.dir/build.make CMakeFiles/cmTC_7808e.dir/build
make[1]: Entering directory '/home/fayoumi/aam_carto_ws/build/ceres-solver/CMakeFiles/CMakeTmp'
Building CXX object CMakeFiles/cmTC_7808e.dir/src.cxx.o
/usr/bin/c++     -fopenmp -DHAVE_SHARED_PTR_IN_TR1_NAMESPACE  -fopenmp   -o CMakeFiles/cmTC_7808e.dir/src.cxx.o -c /home/fayoumi/aam_carto_ws/build/ceres-solver/CMakeFiles/CMakeTmp/src.cxx
/home/fayoumi/aam_carto_ws/build/ceres-solver/CMakeFiles/CMakeTmp/src.cxx: In function ‘int main()’:
/home/fayoumi/aam_carto_ws/build/ceres-solver/CMakeFiles/CMakeTmp/src.cxx:3:41: error: ‘std::tr1’ has not been declared
                                    std::tr1::shared_ptr<int> int_ptr;
                                         ^
/home/fayoumi/aam_carto_ws/build/ceres-solver/CMakeFiles/CMakeTmp/src.cxx:3:57: error: expected primary-expression before ‘int’
                                    std::tr1::shared_ptr<int> int_ptr;
                                                         ^
CMakeFiles/cmTC_7808e.dir/build.make:65: recipe for target 'CMakeFiles/cmTC_7808e.dir/src.cxx.o' failed
make[1]: *** [CMakeFiles/cmTC_7808e.dir/src.cxx.o] Error 1
make[1]: Leaving directory '/home/fayoumi/aam_carto_ws/build/ceres-solver/CMakeFiles/CMakeTmp'
Makefile:126: recipe for target 'cmTC_7808e/fast' failed
make: *** [cmTC_7808e/fast] Error 2

Source file was:
#include <memory>
                                 int main() {
                                   std::tr1::shared_ptr<int> int_ptr;
                                   return 0;
                                 }
Determining if the include file unordered_map exists failed with the following output:
Change Dir: /home/fayoumi/aam_carto_ws/build/ceres-solver/CMakeFiles/CMakeTmp

Run Build Command:"/usr/bin/make" "cmTC_14262/fast"
/usr/bin/make -f CMakeFiles/cmTC_14262.dir/build.make CMakeFiles/cmTC_14262.dir/build
make[1]: Entering directory '/home/fayoumi/aam_carto_ws/build/ceres-solver/CMakeFiles/CMakeTmp'
Building CXX object CMakeFiles/cmTC_14262.dir/CheckIncludeFile.cxx.o
/usr/bin/c++     -fopenmp  -fopenmp   -o CMakeFiles/cmTC_14262.dir/CheckIncludeFile.cxx.o -c /home/fayoumi/aam_carto_ws/build/ceres-solver/CMakeFiles/CMakeTmp/CheckIncludeFile.cxx
In file included from /usr/include/c++/5/unordered_map:35:0,
                 from /home/fayoumi/aam_carto_ws/build/ceres-solver/CMakeFiles/CMakeTmp/CheckIncludeFile.cxx:1:
/usr/include/c++/5/bits/c++0x_warning.h:32:2: error: #error This file requires compiler and library support for the ISO C++ 2011 standard. This support must be enabled with the -std=c++11 or -std=gnu++11 compiler options.
 #error This file requires compiler and library support \
  ^
CMakeFiles/cmTC_14262.dir/build.make:65: recipe for target 'CMakeFiles/cmTC_14262.dir/CheckIncludeFile.cxx.o' failed
make[1]: *** [CMakeFiles/cmTC_14262.dir/CheckIncludeFile.cxx.o] Error 1
make[1]: Leaving directory '/home/fayoumi/aam_carto_ws/build/ceres-solver/CMakeFiles/CMakeTmp'
Makefile:126: recipe for target 'cmTC_14262/fast' failed
make: *** [cmTC_14262/fast] Error 2


Performing C++ SOURCE FILE Test HAVE_SHARED_PTR_IN_STD_NAMESPACE failed with the following output:
Change Dir: /home/fayoumi/aam_carto_ws/build/ceres-solver/CMakeFiles/CMakeTmp

Run Build Command:"/usr/bin/make" "cmTC_46d12/fast"
/usr/bin/make -f CMakeFiles/cmTC_46d12.dir/build.make CMakeFiles/cmTC_46d12.dir/build
make[1]: Entering directory '/home/fayoumi/aam_carto_ws/build/ceres-solver/CMakeFiles/CMakeTmp'
Building CXX object CMakeFiles/cmTC_46d12.dir/src.cxx.o
/usr/bin/c++     -fopenmp -DHAVE_SHARED_PTR_IN_STD_NAMESPACE  -fopenmp   -o CMakeFiles/cmTC_46d12.dir/src.cxx.o -c /home/fayoumi/aam_carto_ws/build/ceres-solver/CMakeFiles/CMakeTmp/src.cxx
/home/fayoumi/aam_carto_ws/build/ceres-solver/CMakeFiles/CMakeTmp/src.cxx: In function ‘int main()’:
/home/fayoumi/aam_carto_ws/build/ceres-solver/CMakeFiles/CMakeTmp/src.cxx:3:34: error: ‘shared_ptr’ is not a member of ‘std’
                                  std::shared_ptr<int> int_ptr;
                                  ^
/home/fayoumi/aam_carto_ws/build/ceres-solver/CMakeFiles/CMakeTmp/src.cxx:3:50: error: expected primary-expression before ‘int’
                                  std::shared_ptr<int> int_ptr;
                                                  ^
CMakeFiles/cmTC_46d12.dir/build.make:65: recipe for target 'CMakeFiles/cmTC_46d12.dir/src.cxx.o' failed
make[1]: *** [CMakeFiles/cmTC_46d12.dir/src.cxx.o] Error 1
make[1]: Leaving directory '/home/fayoumi/aam_carto_ws/build/ceres-solver/CMakeFiles/CMakeTmp'
Makefile:126: recipe for target 'cmTC_46d12/fast' failed
make: *** [cmTC_46d12/fast] Error 2

Source file was:
#include <memory>
                               int main() {
                                 std::shared_ptr<int> int_ptr;
                                 return 0;
                               }
Performing C++ SOURCE FILE Test HAVE_SHARED_PTR_IN_TR1_NAMESPACE failed with the following output:
Change Dir: /home/fayoumi/aam_carto_ws/build/ceres-solver/CMakeFiles/CMakeTmp

Run Build Command:"/usr/bin/make" "cmTC_02629/fast"
/usr/bin/make -f CMakeFiles/cmTC_02629.dir/build.make CMakeFiles/cmTC_02629.dir/build
make[1]: Entering directory '/home/fayoumi/aam_carto_ws/build/ceres-solver/CMakeFiles/CMakeTmp'
Building CXX object CMakeFiles/cmTC_02629.dir/src.cxx.o
/usr/bin/c++     -fopenmp -DHAVE_SHARED_PTR_IN_TR1_NAMESPACE  -fopenmp   -o CMakeFiles/cmTC_02629.dir/src.cxx.o -c /home/fayoumi/aam_carto_ws/build/ceres-solver/CMakeFiles/CMakeTmp/src.cxx
/home/fayoumi/aam_carto_ws/build/ceres-solver/CMakeFiles/CMakeTmp/src.cxx: In function ‘int main()’:
/home/fayoumi/aam_carto_ws/build/ceres-solver/CMakeFiles/CMakeTmp/src.cxx:3:41: error: ‘std::tr1’ has not been declared
                                    std::tr1::shared_ptr<int> int_ptr;
                                         ^
/home/fayoumi/aam_carto_ws/build/ceres-solver/CMakeFiles/CMakeTmp/src.cxx:3:57: error: expected primary-expression before ‘int’
                                    std::tr1::shared_ptr<int> int_ptr;
                                                         ^
CMakeFiles/cmTC_02629.dir/build.make:65: recipe for target 'CMakeFiles/cmTC_02629.dir/src.cxx.o' failed
make[1]: *** [CMakeFiles/cmTC_02629.dir/src.cxx.o] Error 1
make[1]: Leaving directory '/home/fayoumi/aam_carto_ws/build/ceres-solver/CMakeFiles/CMakeTmp'
Makefile:126: recipe for target 'cmTC_02629/fast' failed
make: *** [cmTC_02629/fast] Error 2

Source file was:
#include <memory>
                                 int main() {
                                   std::tr1::shared_ptr<int> int_ptr;
                                   return 0;
                                 }
